Started GET "/" for 127.0.0.1 at 2017-11-12 12:39:07 +0600
Processing by Rails::WelcomeController#index as HTML
  Parameters: {"internal"=>true}
  Rendering /Users/rufaruqui/.rvm/gems/ruby-2.3.3/gems/railties-5.0.6/lib/rails/templates/rails/welcome/index.html.erb
  Rendered /Users/rufaruqui/.rvm/gems/ruby-2.3.3/gems/railties-5.0.6/lib/rails/templates/rails/welcome/index.html.erb (7.3ms)
Completed 200 OK in 47ms (Views: 22.4ms | ActiveRecord: 0.0ms)


Started GET "/" for 127.0.0.1 at 2017-11-12 13:16:04 +0600
Processing by Rails::WelcomeController#index as HTML
  Parameters: {"internal"=>true}
  Rendering /Users/rufaruqui/.rvm/gems/ruby-2.3.3/gems/railties-5.0.6/lib/rails/templates/rails/welcome/index.html.erb
  Rendered /Users/rufaruqui/.rvm/gems/ruby-2.3.3/gems/railties-5.0.6/lib/rails/templates/rails/welcome/index.html.erb (5.3ms)
Completed 200 OK in 11ms (Views: 8.8ms | ActiveRecord: 0.0ms)


Started GET "/" for ::1 at 2017-11-14 16:44:43 +0600
Processing by Rails::WelcomeController#index as HTML
  Parameters: {"internal"=>true}
  Rendering /Users/rufaruqui/.rvm/gems/ruby-2.3.3/gems/railties-5.0.6/lib/rails/templates/rails/welcome/index.html.erb
  Rendered /Users/rufaruqui/.rvm/gems/ruby-2.3.3/gems/railties-5.0.6/lib/rails/templates/rails/welcome/index.html.erb (7.5ms)
Completed 200 OK in 38ms (Views: 21.4ms | ActiveRecord: 0.0ms)


ReportMailer#daily_email_update: processed outbound mail in 0.2ms
ReportMailer#daily_email_update: processed outbound mail in 0.2ms
ReportMailer#daily_email_update: processed outbound mail in 15.3ms
ReportMailer#daily_email_update: processed outbound mail in 19.1ms
  Rendering report_mailer/daily_email_update.html.erb within layouts/mailer
  Rendered report_mailer/daily_email_update.html.erb within layouts/mailer (4.2ms)
  Rendering report_mailer/daily_email_update.text.erb within layouts/mailer
  Rendered report_mailer/daily_email_update.text.erb within layouts/mailer (0.3ms)
ReportMailer#daily_email_update: processed outbound mail in 462.9ms
Sent mail to rufaruqui@gmail.com (4566.3ms)
Date: Tue, 14 Nov 2017 18:30:08 +0600
From: sapl.mailer@gmail.com
To: rufaruqui@gmail.com
Message-ID: <5a0ae1d061686_1ae13ff260c3fa04252@MacBookAir.local.mail>
Subject: Welcome to My Awesome Site
Mime-Version: 1.0
Content-Type: multipart/alternative;
 boundary="--==_mimepart_5a0ae1d05cd02_1ae13ff260c3fa0414e";
 charset=UTF-8
Content-Transfer-Encoding: 7bit


----==_mimepart_5a0ae1d05cd02_1ae13ff260c3fa0414e
Content-Type: text/plain;
 charset=UTF-8
Content-Transfer-Encoding: 7bit


----==_mimepart_5a0ae1d05cd02_1ae13ff260c3fa0414e
Content-Type: text/html;
 charset=UTF-8
Content-Transfer-Encoding: 7bit

<!DOCTYPE html>
<html>
  <head>
    <meta http-equiv="Content-Type" content="text/html; charset=utf-8" />
    <style>
      /* Email styles need to be inline */
    </style>
  </head>

  <body>
    <!DOCTYPE html>
<html>
  <head>
    <meta http-equiv="Content-Type" content="text/html; charset=utf-8" />
    <style>
      /* Email styles need to be inline */
    </style>
  </head>

  <body>
    
  </body>
</html>

  </body>
</html>

----==_mimepart_5a0ae1d05cd02_1ae13ff260c3fa0414e--

  Rendering report_mailer/daily_email_update.html.erb
  Rendered report_mailer/daily_email_update.html.erb (1.3ms)
  Rendering report_mailer/daily_email_update.text.erb
  Rendered report_mailer/daily_email_update.text.erb (0.3ms)
ReportMailer#daily_email_update: processed outbound mail in 308.1ms
Sent mail to rufaruqui@gmail.com (3557.2ms)
Date: Tue, 14 Nov 2017 18:30:30 +0600
From: sapl.mailer@gmail.com
To: rufaruqui@gmail.com
Message-ID: <5a0ae1e650467_1afd3ff07443f9f020615@MacBookAir.local.mail>
Subject: Welcome to My Awesome Site
Mime-Version: 1.0
Content-Type: multipart/alternative;
 boundary="--==_mimepart_5a0ae1e64e1dd_1afd3ff07443f9f0205fe";
 charset=UTF-8
Content-Transfer-Encoding: 7bit


----==_mimepart_5a0ae1e64e1dd_1afd3ff07443f9f0205fe
Content-Type: text/plain;
 charset=UTF-8
Content-Transfer-Encoding: 7bit


----==_mimepart_5a0ae1e64e1dd_1afd3ff07443f9f0205fe
Content-Type: text/html;
 charset=UTF-8
Content-Transfer-Encoding: 7bit

<!DOCTYPE html>
<html>
  <head>
    <meta http-equiv="Content-Type" content="text/html; charset=utf-8" />
    <style>
      /* Email styles need to be inline */
    </style>
  </head>

  <body>
    
  </body>
</html>

----==_mimepart_5a0ae1e64e1dd_1afd3ff07443f9f0205fe--

Started GET "/resque" for ::1 at 2017-11-14 18:43:40 +0600
  
ActionController::RoutingError (No route matches [GET] "/resque"):
  
actionpack (5.0.6) lib/action_dispatch/middleware/debug_exceptions.rb:53:in `call'
web-console (3.5.1) lib/web_console/middleware.rb:135:in `call_app'
web-console (3.5.1) lib/web_console/middleware.rb:28:in `block in call'
web-console (3.5.1) lib/web_console/middleware.rb:18:in `catch'
web-console (3.5.1) lib/web_console/middleware.rb:18:in `call'
actionpack (5.0.6) lib/action_dispatch/middleware/show_exceptions.rb:31:in `call'
railties (5.0.6) lib/rails/rack/logger.rb:36:in `call_app'
railties (5.0.6) lib/rails/rack/logger.rb:24:in `block in call'
activesupport (5.0.6) lib/active_support/tagged_logging.rb:69:in `block in tagged'
activesupport (5.0.6) lib/active_support/tagged_logging.rb:26:in `tagged'
activesupport (5.0.6) lib/active_support/tagged_logging.rb:69:in `tagged'
railties (5.0.6) lib/rails/rack/logger.rb:24:in `call'
sprockets-rails (3.2.1) lib/sprockets/rails/quiet_assets.rb:13:in `call'
actionpack (5.0.6) lib/action_dispatch/middleware/request_id.rb:24:in `call'
rack (2.0.3) lib/rack/method_override.rb:22:in `call'
rack (2.0.3) lib/rack/runtime.rb:22:in `call'
activesupport (5.0.6) lib/active_support/cache/strategy/local_cache_middleware.rb:28:in `call'
actionpack (5.0.6) lib/action_dispatch/middleware/executor.rb:12:in `call'
actionpack (5.0.6) lib/action_dispatch/middleware/static.rb:136:in `call'
rack (2.0.3) lib/rack/sendfile.rb:111:in `call'
railties (5.0.6) lib/rails/engine.rb:522:in `call'
puma (3.10.0) lib/puma/configuration.rb:225:in `call'
puma (3.10.0) lib/puma/server.rb:605:in `handle_request'
puma (3.10.0) lib/puma/server.rb:437:in `process_client'
puma (3.10.0) lib/puma/server.rb:301:in `block in run'
puma (3.10.0) lib/puma/thread_pool.rb:120:in `block in spawn_thread'
  Rendering /Users/rufaruqui/.rvm/gems/ruby-2.3.3/gems/actionpack-5.0.6/lib/action_dispatch/middleware/templates/rescues/routing_error.html.erb within rescues/layout
  Rendering /Users/rufaruqui/.rvm/gems/ruby-2.3.3/gems/actionpack-5.0.6/lib/action_dispatch/middleware/templates/rescues/_trace.html.erb
  Rendered /Users/rufaruqui/.rvm/gems/ruby-2.3.3/gems/actionpack-5.0.6/lib/action_dispatch/middleware/templates/rescues/_trace.html.erb (2.0ms)
  Rendered /Users/rufaruqui/.rvm/gems/ruby-2.3.3/gems/actionpack-5.0.6/lib/action_dispatch/middleware/templates/routes/_table.html.erb (23.8ms)
  Rendering /Users/rufaruqui/.rvm/gems/ruby-2.3.3/gems/actionpack-5.0.6/lib/action_dispatch/middleware/templates/rescues/_request_and_response.html.erb
  Rendered /Users/rufaruqui/.rvm/gems/ruby-2.3.3/gems/actionpack-5.0.6/lib/action_dispatch/middleware/templates/rescues/_request_and_response.html.erb (1.7ms)
  Rendered /Users/rufaruqui/.rvm/gems/ruby-2.3.3/gems/actionpack-5.0.6/lib/action_dispatch/middleware/templates/rescues/routing_error.html.erb within rescues/layout (126.1ms)
Started GET "/resque" for ::1 at 2017-11-14 18:44:11 +0600
  
ActionController::RoutingError (No route matches [GET] "/resque"):
  
actionpack (5.0.6) lib/action_dispatch/middleware/debug_exceptions.rb:53:in `call'
web-console (3.5.1) lib/web_console/middleware.rb:135:in `call_app'
web-console (3.5.1) lib/web_console/middleware.rb:28:in `block in call'
web-console (3.5.1) lib/web_console/middleware.rb:18:in `catch'
web-console (3.5.1) lib/web_console/middleware.rb:18:in `call'
actionpack (5.0.6) lib/action_dispatch/middleware/show_exceptions.rb:31:in `call'
railties (5.0.6) lib/rails/rack/logger.rb:36:in `call_app'
railties (5.0.6) lib/rails/rack/logger.rb:24:in `block in call'
activesupport (5.0.6) lib/active_support/tagged_logging.rb:69:in `block in tagged'
activesupport (5.0.6) lib/active_support/tagged_logging.rb:26:in `tagged'
activesupport (5.0.6) lib/active_support/tagged_logging.rb:69:in `tagged'
railties (5.0.6) lib/rails/rack/logger.rb:24:in `call'
sprockets-rails (3.2.1) lib/sprockets/rails/quiet_assets.rb:13:in `call'
actionpack (5.0.6) lib/action_dispatch/middleware/request_id.rb:24:in `call'
rack (2.0.3) lib/rack/method_override.rb:22:in `call'
rack (2.0.3) lib/rack/runtime.rb:22:in `call'
activesupport (5.0.6) lib/active_support/cache/strategy/local_cache_middleware.rb:28:in `call'
actionpack (5.0.6) lib/action_dispatch/middleware/executor.rb:12:in `call'
actionpack (5.0.6) lib/action_dispatch/middleware/static.rb:136:in `call'
rack (2.0.3) lib/rack/sendfile.rb:111:in `call'
railties (5.0.6) lib/rails/engine.rb:522:in `call'
puma (3.10.0) lib/puma/configuration.rb:225:in `call'
puma (3.10.0) lib/puma/server.rb:605:in `handle_request'
puma (3.10.0) lib/puma/server.rb:437:in `process_client'
puma (3.10.0) lib/puma/server.rb:301:in `block in run'
puma (3.10.0) lib/puma/thread_pool.rb:120:in `block in spawn_thread'
  Rendering /Users/rufaruqui/.rvm/gems/ruby-2.3.3/gems/actionpack-5.0.6/lib/action_dispatch/middleware/templates/rescues/routing_error.html.erb within rescues/layout
  Rendering /Users/rufaruqui/.rvm/gems/ruby-2.3.3/gems/actionpack-5.0.6/lib/action_dispatch/middleware/templates/rescues/_trace.html.erb
  Rendered /Users/rufaruqui/.rvm/gems/ruby-2.3.3/gems/actionpack-5.0.6/lib/action_dispatch/middleware/templates/rescues/_trace.html.erb (1.6ms)
  Rendered /Users/rufaruqui/.rvm/gems/ruby-2.3.3/gems/actionpack-5.0.6/lib/action_dispatch/middleware/templates/routes/_table.html.erb (2.0ms)
  Rendering /Users/rufaruqui/.rvm/gems/ruby-2.3.3/gems/actionpack-5.0.6/lib/action_dispatch/middleware/templates/rescues/_request_and_response.html.erb
  Rendered /Users/rufaruqui/.rvm/gems/ruby-2.3.3/gems/actionpack-5.0.6/lib/action_dispatch/middleware/templates/rescues/_request_and_response.html.erb (1.3ms)
  Rendered /Users/rufaruqui/.rvm/gems/ruby-2.3.3/gems/actionpack-5.0.6/lib/action_dispatch/middleware/templates/rescues/routing_error.html.erb within rescues/layout (59.8ms)
